<?xml version="1.0" encoding="UTF-8"?>
<!-- Generated by org.testng.reporters.JUnitReportReporter -->
<testsuite hostname="RiaSengar-indel-11304.local" failures="0" tests="2" name="assignment.logIn" time="4.175" errors="0" timestamp="2022-08-02T14:01:35 IST" skipped="0">
  <testcase classname="assignment.logIn" name="verifyLoginFormIsDisplayed" time="1.621"/>
  <system-out/>
  <testcase classname="assignment.logIn" name="testWebUniversity" time="2.554"/>
  <system-out/>
</testsuite> <!-- assignment.logIn -->
