<?xml version="1.0" encoding="UTF-8"?>
<!-- Generated by org.testng.reporters.JUnitReportReporter -->
<testsuite hostname="SahilPathak-indel-11303.local" failures="0" tests="2" name="atAssignment.DatePickerTest" time="8.642" errors="0" timestamp="2022-08-09T17:39:05 IST" skipped="0">
  <testcase classname="atAssignment.DatePickerTest" name="verifyDatePickerHeaderIsDisplayed" time="1.442"/>
  <system-out/>
  <testcase classname="atAssignment.DatePickerTest" name="datePickerAutomation" time="7.200"/>
  <system-out/>
</testsuite> <!-- atAssignment.DatePickerTest -->
