<?xml version="1.0" encoding="UTF-8"?>
<!-- Generated by org.testng.reporters.JUnitReportReporter -->
<testsuite hostname="SahilPathak-indel-11303.local" failures="0" tests="2" name="atAssignment.HiddenElementsTest" time="2.292" errors="0" timestamp="2022-08-09T13:45:57 IST" skipped="0">
  <testcase classname="atAssignment.HiddenElementsTest" name="verifyHiddenElementsHeaderIsDisplayed" time="1.274"/>
  <system-out/>
  <testcase classname="atAssignment.HiddenElementsTest" name="hiddenElementsAutomation" time="1.018"/>
  <system-out/>
</testsuite> <!-- atAssignment.HiddenElementsTest -->
