<?xml version="1.0" encoding="UTF-8"?>
<!-- Generated by org.testng.reporters.JUnitReportReporter -->
<testsuite hostname="SahilPathak-indel-11303.local" failures="0" tests="2" name="atAssignment.ToDoListTest" time="5.302" errors="0" timestamp="2022-08-09T13:16:35 IST" skipped="0">
  <testcase classname="atAssignment.ToDoListTest" name="verifyToDoListHeaderIsDisplayed" time="2.860"/>
  <system-out/>
  <testcase classname="atAssignment.ToDoListTest" name="toDoListAutomation" time="2.442"/>
  <system-out/>
</testsuite> <!-- atAssignment.ToDoListTest -->
