<?xml version="1.0" encoding="UTF-8"?>
<!-- Generated by org.testng.reporters.JUnitReportReporter -->
<testsuite hostname="RiaSengar-indel-11304.local" failures="0" tests="2" name="assignment.AutoComplete" time="2.849" errors="0" timestamp="2022-08-03T11:34:18 IST" skipped="0">
  <testcase classname="assignment.AutoComplete" name="verifyHeaderIsDisplayed" time="0.889"/>
  <system-out/>
  <testcase classname="assignment.AutoComplete" name="testAutoComplete" time="1.960"/>
  <system-out/>
</testsuite> <!-- assignment.AutoComplete -->
