<?xml version="1.0" encoding="UTF-8"?>
<!-- Generated by org.testng.reporters.JUnitReportReporter -->
<testsuite hostname="SahilPathak-indel-11303.local" failures="0" tests="4" name="atAssignment.contactUs" time="8.963" errors="0" timestamp="2022-08-02T15:20:28 IST" skipped="0">
  <testcase classname="atAssignment.contactUs" name="verifyContactUsFormIsDisplayed" time="0.974"/>
  <system-out/>
  <testcase classname="atAssignment.contactUs" name="verifyContactUsIsDisplayed" time="0.045"/>
  <system-out/>
  <testcase classname="atAssignment.contactUs" name="contactUsAutomation" time="7.836"/>
  <system-out/>
  <testcase classname="atAssignment.contactUs" name="verifyThankyouMsgIsDisplayed" time="0.108"/>
  <system-out/>
</testsuite> <!-- atAssignment.contactUs -->
