<?xml version="1.0" encoding="UTF-8"?>
<!-- Generated by org.testng.reporters.JUnitReportReporter -->
<testsuite hostname="RiaSengar-indel-11304.local" failures="0" tests="2" name="assignment.FileUpload" time="1.922" errors="0" timestamp="2022-08-15T17:01:06 IST" skipped="0">
  <testcase classname="assignment.FileUpload" name="verifyHeaderIsDisplayed" time="1.757"/>
  <system-out/>
  <testcase classname="assignment.FileUpload" name="runtests1" time="0.165"/>
  <system-out/>
</testsuite> <!-- assignment.FileUpload -->
