<?xml version="1.0" encoding="UTF-8"?>
<!-- Generated by org.testng.reporters.JUnitReportReporter -->
<testsuite hostname="RiaSengar-indel-11304.local" failures="0" tests="3" name="assignment.dropdown" time="3.004" errors="0" timestamp="2022-08-09T11:37:57 IST" skipped="0">
  <testcase classname="assignment.dropdown" name="verifyDropdownCheckboxesRadioHeaderIsDisplayed" time="2.369"/>
  <system-out/>
  <testcase classname="assignment.dropdown" name="verifyCopyrightIsDisplayed" time="0.031"/>
  <system-out/>
  <testcase classname="assignment.dropdown" name="runtests1" time="0.604"/>
  <system-out/>
</testsuite> <!-- assignment.dropdown -->
