<?xml version="1.0" encoding="UTF-8"?>
<!-- Generated by org.testng.reporters.JUnitReportReporter -->
<testsuite hostname="RiaSengar-indel-11304.local" failures="0" tests="1" name="com.hyr.tests.logIn$login" time="11.825" errors="0" timestamp="2022-07-15T16:19:43 IST" skipped="0">
  <testcase classname="com.hyr.tests.logIn$login" name="testWebUniversity" time="11.825"/>
  <system-out/>
</testsuite> <!-- com.hyr.tests.logIn$login -->
