<?xml version="1.0" encoding="UTF-8"?>
<!-- Generated by org.testng.reporters.JUnitReportReporter -->
<testsuite hostname="RiaSengar-indel-11304.local" failures="0" tests="3" name="assignment.ContactUs" time="2.965" errors="0" timestamp="2022-08-03T10:47:09 IST" skipped="0">
  <testcase classname="assignment.ContactUs" name="verifyContactUsHeaderIsDisplayed" time="1.008"/>
  <system-out/>
  <testcase classname="assignment.ContactUs" name="testWebUniversity" time="1.924"/>
  <system-out/>
  <testcase classname="assignment.ContactUs" name="verifyThankyouPageIsDisplayed" time="0.033"/>
  <system-out/>
</testsuite> <!-- assignment.ContactUs -->
