<?xml version="1.0" encoding="UTF-8"?>
<!-- Generated by org.testng.reporters.JUnitReportReporter -->
<testsuite hostname="RiaSengar-indel-11304.local" failures="0" tests="2" name="assignment.accordion" time="2.002" errors="0" timestamp="2022-08-09T10:23:33 IST" skipped="0">
  <testcase classname="assignment.accordion" name="verifyThankyouPageIsDisplayed" time="1.566"/>
  <system-out/>
  <testcase classname="assignment.accordion" name="runtests1" time="0.436"/>
  <system-out/>
</testsuite> <!-- assignment.accordion -->
