<?xml version="1.0" encoding="UTF-8"?>
<!-- Generated by org.testng.reporters.JUnitReportReporter -->
<testsuite hostname="RiaSengar-indel-11304.local" failures="0" tests="2" name="assignment.HiddenElements" time="2.386" errors="0" timestamp="2022-08-09T13:23:52 IST" skipped="0">
  <testcase classname="assignment.HiddenElements" name="verifyHeaderIsDisplayed" time="1.323"/>
  <system-out/>
  <testcase classname="assignment.HiddenElements" name="runtests1" time="1.063"/>
  <system-out/>
</testsuite> <!-- assignment.HiddenElements -->
