<?xml version="1.0" encoding="UTF-8"?>
<!-- Generated by org.testng.reporters.JUnitReportReporter -->
<testsuite hostname="SahilPathak-indel-11303.local" failures="0" tests="2" name="atAssignment.AutocompleteTextfieldTest" time="4.010" errors="0" timestamp="2022-08-09T10:36:18 IST" skipped="0">
  <testcase classname="atAssignment.AutocompleteTextfieldTest" name="verifyautocompleteHeaderIsDisplayed" time="1.088"/>
  <system-out/>
  <testcase classname="atAssignment.AutocompleteTextfieldTest" name="autocompleteAutomation" time="2.922"/>
  <system-out/>
</testsuite> <!-- atAssignment.AutocompleteTextfieldTest -->
