<?xml version="1.0" encoding="UTF-8"?>
<!-- Generated by org.testng.reporters.JUnitReportReporter -->
<testsuite hostname="RiaSengar-indel-11304.local" failures="0" tests="1" name="assignment.click" time="1.685" errors="0" timestamp="2022-08-03T12:08:22 IST" skipped="0">
  <testcase classname="assignment.click" name="ActionMoveClick" time="1.685"/>
  <system-out/>
</testsuite> <!-- assignment.click -->
