<?xml version="1.0" encoding="UTF-8"?>
<!-- Generated by org.testng.reporters.JUnitReportReporter -->
<testsuite hostname="RiaSengar-indel-11304.local" failures="0" tests="2" name="assignment.AutoComplete" time="2.707" errors="0" timestamp="2022-08-15T17:01:06 IST" skipped="0">
  <testcase classname="assignment.AutoComplete" name="verifyHeaderIsDisplayed" time="1.064"/>
  <system-out/>
  <testcase classname="assignment.AutoComplete" name="runtests1" time="1.643"/>
  <system-out/>
</testsuite> <!-- assignment.AutoComplete -->
