<?xml version="1.0" encoding="UTF-8"?>
<!-- Generated by org.testng.reporters.JUnitReportReporter -->
<testsuite hostname="RiaSengar-indel-11304.local" failures="0" tests="2" name="assignment.click" time="4.437" errors="0" timestamp="2022-08-15T17:01:06 IST" skipped="0">
  <testcase classname="assignment.click" name="RunTests" time="4.411"/>
  <system-out/>
  <testcase classname="assignment.click" name="verifyLetUsClickingIsDisplayed" time="0.026"/>
  <system-out/>
</testsuite> <!-- assignment.click -->
