<?xml version="1.0" encoding="UTF-8"?>
<!-- Generated by org.testng.reporters.JUnitReportReporter -->
<testsuite hostname="RiaSengar-indel-11304.local" failures="0" tests="1" name="assignment.accordion" time="17.817" errors="0" timestamp="2022-07-21T16:30:31 IST" skipped="0">
  <testcase classname="assignment.accordion" name="testWebUniversity" time="17.817"/>
  <system-out/>
</testsuite> <!-- assignment.accordion -->
