<?xml version="1.0" encoding="UTF-8"?>
<!-- Generated by org.testng.reporters.JUnitReportReporter -->
<testsuite hostname="SahilPathak-indel-11303.local" failures="0" tests="2" name="atAssignment.iframe" time="49.156" errors="0" timestamp="2022-08-02T13:49:47 IST" skipped="0">
  <testcase classname="atAssignment.iframe" name="verifyIframeHeaderIsDisplayed" time="7.096"/>
  <system-out/>
  <testcase classname="atAssignment.iframe" name="iframeAutomation" time="42.060"/>
  <system-out/>
</testsuite> <!-- atAssignment.iframe -->
