<?xml version="1.0" encoding="UTF-8"?>
<!-- Generated by org.testng.reporters.JUnitReportReporter -->
<testsuite hostname="SahilPathak-indel-11303.local" failures="0" tests="3" name="atAssignment.buttonClicks" time="2.353" errors="0" timestamp="2022-08-03T12:06:32 IST" skipped="0">
  <testcase classname="atAssignment.buttonClicks" name="verifyButtonsAreDisplayed" time="0.199"/>
  <system-out/>
  <testcase classname="atAssignment.buttonClicks" name="verifyAccordionTitleIsDisplayed" time="1.196"/>
  <system-out/>
  <testcase classname="atAssignment.buttonClicks" name="buttonClickAutomation" time="0.958"/>
  <system-out/>
</testsuite> <!-- atAssignment.buttonClicks -->
