<?xml version="1.0" encoding="UTF-8"?>
<!-- Generated by org.testng.reporters.JUnitReportReporter -->
<testsuite hostname="RiaSengar-indel-11304.local" failures="0" tests="2" name="assignment.iFrameChallenge" time="10.143" errors="0" timestamp="2022-08-15T17:01:06 IST" skipped="0">
  <testcase classname="assignment.iFrameChallenge" name="verifyCopyrightIsDisplayed" time="0.037"/>
  <system-out/>
  <testcase classname="assignment.iFrameChallenge" name="runtests1" time="10.106"/>
  <system-out/>
</testsuite> <!-- assignment.iFrameChallenge -->
