<?xml version="1.0" encoding="UTF-8"?>
<!-- Generated by org.testng.reporters.JUnitReportReporter -->
<testsuite hostname="RiaSengar-indel-11304.local" failures="0" tests="2" name="assignment.accordion" time="2.177" errors="0" timestamp="2022-08-15T17:01:06 IST" skipped="0">
  <testcase classname="assignment.accordion" name="verifyThankyouPageIsDisplayed" time="1.842"/>
  <system-out/>
  <testcase classname="assignment.accordion" name="runtests1" time="0.335"/>
  <system-out/>
</testsuite> <!-- assignment.accordion -->
