<?xml version="1.0" encoding="UTF-8"?>
<!-- Generated by org.testng.reporters.JUnitReportReporter -->
<testsuite hostname="RiaSengar-indel-11304.local" failures="0" tests="5" name="assignment.ScrollingElements" time="8.572" errors="0" timestamp="2022-08-03T10:42:47 IST" skipped="0">
  <testcase classname="assignment.ScrollingElements" name="verifyHeaderIsDisplayed" time="1.885"/>
  <system-out/>
  <testcase classname="assignment.ScrollingElements" name="Zone1Scroll" time="2.158"/>
  <system-out/>
  <testcase classname="assignment.ScrollingElements" name="Zone2Scroll" time="0.279"/>
  <system-out/>
  <testcase classname="assignment.ScrollingElements" name="Zone4Scroll" time="4.212"/>
  <system-out/>
  <testcase classname="assignment.ScrollingElements" name="verifyCopyrightIsDisplayed" time="0.038"/>
  <system-out/>
</testsuite> <!-- assignment.ScrollingElements -->
