<?xml version="1.0" encoding="UTF-8"?>
<!-- Generated by org.testng.reporters.JUnitReportReporter -->
<testsuite hostname="SahilPathak-indel-11303.local" failures="0" tests="2" name="atAssignment.AccordionTextTest" time="11.556" errors="0" timestamp="2022-08-09T11:40:41 IST" skipped="0">
  <testcase classname="atAssignment.AccordionTextTest" name="verifyAccordionTitleIsDisplayed" time="1.594"/>
  <system-out/>
  <testcase classname="atAssignment.AccordionTextTest" name="pomAutomation" time="9.962"/>
  <system-out/>
</testsuite> <!-- atAssignment.AccordionTextTest -->
