<?xml version="1.0" encoding="UTF-8"?>
<!-- Generated by org.testng.reporters.JUnitReportReporter -->
<testsuite hostname="SahilPathak-indel-11303.local" failures="0" tests="2" name="atAssignment.ScrollingAroundTest" time="2.627" errors="0" timestamp="2022-08-09T14:09:48 IST" skipped="0">
  <testcase classname="atAssignment.ScrollingAroundTest" name="verifyScrollHeaderIsDisplayed" time="1.532"/>
  <system-out/>
  <testcase classname="atAssignment.ScrollingAroundTest" name="scrollAutomation" time="1.095"/>
  <system-out/>
</testsuite> <!-- atAssignment.ScrollingAroundTest -->
