<?xml version="1.0" encoding="UTF-8"?>
<!-- Generated by org.testng.reporters.JUnitReportReporter -->
<testsuite hostname="RiaSengar-indel-11304.local" failures="0" tests="2" name="assignment.Datepicker" time="3.083" errors="0" timestamp="2022-08-09T13:51:02 IST" skipped="0">
  <testcase classname="assignment.Datepicker" name="verifyHeaderIsDisplayed" time="2.324"/>
  <system-out/>
  <testcase classname="assignment.Datepicker" name="runtests1" time="0.759"/>
  <system-out/>
</testsuite> <!-- assignment.Datepicker -->
