<?xml version="1.0" encoding="UTF-8"?>
<!-- Generated by org.testng.reporters.JUnitReportReporter -->
<testsuite hostname="RiaSengar-indel-11304.local" failures="0" tests="2" name="assignment.ContactUs" time="3.176" errors="0" timestamp="2022-08-08T14:27:49 IST" skipped="0">
  <testcase classname="assignment.ContactUs" name="verifyThankyouPageIsDisplayed" time="1.202"/>
  <system-out/>
  <testcase classname="assignment.ContactUs" name="runtests1" time="1.974"/>
  <system-out/>
</testsuite> <!-- assignment.ContactUs -->
