<?xml version="1.0" encoding="UTF-8"?>
<!-- Generated by org.testng.reporters.JUnitReportReporter -->
<testsuite hostname="SahilPathak-indel-11303.local" failures="0" tests="2" name="atAssignment.loginPortal" time="4.035" errors="0" timestamp="2022-08-03T10:48:46 IST" skipped="0">
  <testcase classname="atAssignment.loginPortal" name="verifyLoginFormIsDisplayed" time="1.506"/>
  <system-out/>
  <testcase classname="atAssignment.loginPortal" name="loginPortalAutomation" time="2.529"/>
  <system-out/>
</testsuite> <!-- atAssignment.loginPortal -->
