<?xml version="1.0" encoding="UTF-8"?>
<!-- Generated by org.testng.reporters.JUnitReportReporter -->
<testsuite hostname="RiaSengar-indel-11304.local" failures="0" tests="5" name="assignment.dropdown" time="2.138" errors="0" timestamp="2022-08-03T10:29:26 IST" skipped="0">
  <testcase classname="assignment.dropdown" name="verifyDropdownCheckboxesRadioHeaderIsDisplayed" time="1.519"/>
  <system-out/>
  <testcase classname="assignment.dropdown" name="verifyCopyrightIsDisplayed" time="0.056"/>
  <system-out/>
  <testcase classname="assignment.dropdown" name="dropDown" time="0.237"/>
  <system-out/>
  <testcase classname="assignment.dropdown" name="Checkbox" time="0.167"/>
  <system-out/>
  <testcase classname="assignment.dropdown" name="SelectedAndDisabled" time="0.159"/>
  <system-out/>
</testsuite> <!-- assignment.dropdown -->
