<?xml version="1.0" encoding="UTF-8"?>
<!-- Generated by org.testng.reporters.JUnitReportReporter -->
<testsuite hostname="RiaSengar-indel-11304.local" failures="0" tests="2" name="assignment.toDoList" time="2.723" errors="0" timestamp="2022-08-02T15:39:48 IST" skipped="0">
  <testcase classname="assignment.toDoList" name="verifyToDoHeaderIsDisplayed" time="2.137"/>
  <system-out/>
  <testcase classname="assignment.toDoList" name="testWebUniversity" time="0.586"/>
  <system-out/>
</testsuite> <!-- assignment.toDoList -->
