<?xml version="1.0" encoding="UTF-8"?>
<!-- Generated by org.testng.reporters.JUnitReportReporter -->
<testsuite hostname="RiaSengar-indel-11304.local" failures="0" tests="1" name="assignment.Datepicker" time="21.109" errors="0" timestamp="2022-07-26T15:13:49 IST" skipped="0">
  <testcase classname="assignment.Datepicker" name="testWebUniversity" time="21.109"/>
  <system-out/>
</testsuite> <!-- assignment.Datepicker -->
