<?xml version="1.0" encoding="UTF-8"?>
<!-- Generated by org.testng.reporters.JUnitReportReporter -->
<testsuite hostname="RiaSengar-indel-11304.local" failures="0" tests="2" name="assignment.toDoList" time="1.888" errors="0" timestamp="2022-08-15T17:01:06 IST" skipped="0">
  <testcase classname="assignment.toDoList" name="verifyToDoHeaderIsDisplayed" time="1.243"/>
  <system-out/>
  <testcase classname="assignment.toDoList" name="runtests1" time="0.645"/>
  <system-out/>
</testsuite> <!-- assignment.toDoList -->
