<?xml version="1.0" encoding="UTF-8"?>
<!-- Generated by org.testng.reporters.JUnitReportReporter -->
<testsuite hostname="RiaSengar-indel-11304.local" failures="0" tests="2" name="com.hyr.tests.firsttest" time="31.129" errors="0" timestamp="2022-07-12T14:20:58 IST" skipped="0">
  <testcase classname="com.hyr.tests.firsttest" name="TestGoogle" time="18.891"/>
  <system-out/>
  <testcase classname="com.hyr.tests.firsttest" name="TestFacebook" time="12.238"/>
  <system-out/>
</testsuite> <!-- com.hyr.tests.firsttest -->
