<?xml version="1.0" encoding="UTF-8"?>
<!-- Generated by org.testng.reporters.JUnitReportReporter -->
<testsuite hostname="SahilPathak-indel-11303.local" failures="0" tests="2" name="atAssignment.AjaxLoaderTest" time="6.662" errors="0" timestamp="2022-08-08T15:16:42 IST" skipped="0">
  <testcase classname="atAssignment.AjaxLoaderTest" name="verifyAjaxLoaderIsDisplayed" time="1.485"/>
  <system-out/>
  <testcase classname="atAssignment.AjaxLoaderTest" name="ajaxLoaderAutomation" time="5.177"/>
  <system-out/>
</testsuite> <!-- atAssignment.AjaxLoaderTest -->
