<?xml version="1.0" encoding="UTF-8"?>
<!-- Generated by org.testng.reporters.JUnitReportReporter -->
<testsuite hostname="RiaSengar-indel-11304.local" failures="0" tests="3" name="assignment.ScrollingElements" time="1.991" errors="0" timestamp="2022-08-15T17:01:06 IST" skipped="0">
  <testcase classname="assignment.ScrollingElements" name="verifyHeaderIsDisplayed" time="1.438"/>
  <system-out/>
  <testcase classname="assignment.ScrollingElements" name="runtests1" time="0.531"/>
  <system-out/>
  <testcase classname="assignment.ScrollingElements" name="verifyCopyrightIsDisplayed" time="0.022"/>
  <system-out/>
</testsuite> <!-- assignment.ScrollingElements -->
