<?xml version="1.0" encoding="UTF-8"?>
<!-- Generated by org.testng.reporters.JUnitReportReporter -->
<testsuite hostname="SahilPathak-indel-11303.local" failures="0" tests="2" name="atAssignment.Actions" time="1.626" errors="0" timestamp="2022-07-19T15:58:18 IST" skipped="0">
  <testcase classname="atAssignment.Actions" name="verifyActionsHeaderIsDisplayed" time="1.624"/>
  <system-out/>
  <testcase classname="atAssignment.Actions" name="actionsAutomation" time="0.002"/>
  <system-out/>
</testsuite> <!-- atAssignment.Actions -->
