<?xml version="1.0" encoding="UTF-8"?>
<!-- Generated by org.testng.reporters.JUnitReportReporter -->
<testsuite hostname="SahilPathak-indel-11303.local" failures="0" tests="15" name="apiAutomationTraining.ApiAutomation" time="18.190" errors="0" timestamp="2022-08-22T18:51:30 IST" skipped="0">
  <testcase classname="apiAutomationTraining.ApiAutomation" name="getListUsers" time="5.401"/>
  <system-out/>
  <testcase classname="apiAutomationTraining.ApiAutomation" name="getSingleUser" time="0.246"/>
  <system-out/>
  <testcase classname="apiAutomationTraining.ApiAutomation" name="getUserNotFound" time="0.747"/>
  <system-out/>
  <testcase classname="apiAutomationTraining.ApiAutomation" name="getListResource" time="0.204"/>
  <system-out/>
  <testcase classname="apiAutomationTraining.ApiAutomation" name="getListSingleResource" time="0.118"/>
  <system-out/>
  <testcase classname="apiAutomationTraining.ApiAutomation" name="getSingleResourceNotFound" time="0.707"/>
  <system-out/>
  <testcase classname="apiAutomationTraining.ApiAutomation" name="postCreate" time="1.003"/>
  <system-out/>
  <testcase classname="apiAutomationTraining.ApiAutomation" name="putUpdate" time="0.679"/>
  <system-out/>
  <testcase classname="apiAutomationTraining.ApiAutomation" name="patchUpdate" time="0.784"/>
  <system-out/>
  <testcase classname="apiAutomationTraining.ApiAutomation" name="deleteUser" time="0.747"/>
  <system-out/>
  <testcase classname="apiAutomationTraining.ApiAutomation" name="postRegisterSuccessful" time="0.755"/>
  <system-out/>
  <testcase classname="apiAutomationTraining.ApiAutomation" name="postRegisterUnsuccessful" time="0.688"/>
  <system-out/>
  <testcase classname="apiAutomationTraining.ApiAutomation" name="postLoginSuccessful" time="0.681"/>
  <system-out/>
  <testcase classname="apiAutomationTraining.ApiAutomation" name="postLoginUnsuccessful" time="0.752"/>
  <system-out/>
  <testcase classname="apiAutomationTraining.ApiAutomation" name="getDelayedResponse" time="4.678"/>
  <system-out/>
</testsuite> <!-- apiAutomationTraining.ApiAutomation -->
