<?xml version="1.0" encoding="UTF-8"?>
<!-- Generated by org.testng.reporters.JUnitReportReporter -->
<testsuite hostname="RiaSengar-indel-11304.local" failures="0" tests="2" name="assignment.HiddenElements" time="5.039" errors="0" timestamp="2022-08-15T17:01:06 IST" skipped="0">
  <testcase classname="assignment.HiddenElements" name="verifyHeaderIsDisplayed" time="3.936"/>
  <system-out/>
  <testcase classname="assignment.HiddenElements" name="runtests1" time="1.103"/>
  <system-out/>
</testsuite> <!-- assignment.HiddenElements -->
