<?xml version="1.0" encoding="UTF-8"?>
<!-- Generated by org.testng.reporters.JUnitReportReporter -->
<testsuite hostname="SahilPathak-indel-11303.local" failures="0" tests="4" name="atAssignment.ContactUsTest" time="4.376" errors="0" timestamp="2022-08-18T12:15:53 IST" skipped="0">
  <testcase classname="atAssignment.ContactUsTest" name="verifyContactUsFormIsDisplayed" time="1.353"/>
  <system-out/>
  <testcase classname="atAssignment.ContactUsTest" name="verifyContactUsIsDisplayed" time="0.044"/>
  <system-out/>
  <testcase classname="atAssignment.ContactUsTest" name="contactUsAutomation" time="2.870"/>
  <system-out/>
  <testcase classname="atAssignment.ContactUsTest" name="verifyThankyouMsgIsDisplayed" time="0.109"/>
  <system-out/>
</testsuite> <!-- atAssignment.ContactUsTest -->
