<?xml version="1.0" encoding="UTF-8"?>
<!-- Generated by org.testng.reporters.JUnitReportReporter -->
<testsuite hostname="SahilPathak-indel-11303.local" failures="0" tests="3" name="atAssignment.ButtonClicksTest" time="4.356" errors="0" timestamp="2022-08-09T12:38:03 IST" skipped="0">
  <testcase classname="atAssignment.ButtonClicksTest" name="verifyButtonsAreDisplayed" time="0.112"/>
  <system-out/>
  <testcase classname="atAssignment.ButtonClicksTest" name="verifyButtonClickTitleIsDisplayed" time="1.297"/>
  <system-out/>
  <testcase classname="atAssignment.ButtonClicksTest" name="buttonClickAutomation" time="2.947"/>
  <system-out/>
</testsuite> <!-- atAssignment.ButtonClicksTest -->
