<?xml version="1.0" encoding="UTF-8"?>
<!-- Generated by org.testng.reporters.JUnitReportReporter -->
<testsuite hostname="RiaSengar-indel-11304.local" failures="0" tests="1" name="assignment.logIn$login" time="10.439" errors="0" timestamp="2022-07-29T13:38:40 IST" skipped="0">
  <testcase classname="assignment.logIn$login" name="testWebUniversity" time="10.439"/>
  <system-out/>
</testsuite> <!-- assignment.logIn$login -->
