<?xml version="1.0" encoding="UTF-8"?>
<!-- Generated by org.testng.reporters.JUnitReportReporter -->
<testsuite hostname="SahilPathak-indel-11303.local" failures="0" tests="2" name="atAssignment.DropCheckRadioTest" time="4.537" errors="0" timestamp="2022-08-09T17:30:17 IST" skipped="0">
  <testcase classname="atAssignment.DropCheckRadioTest" name="verifyDropCheckRadioTitleIsDisplayed" time="1.534"/>
  <system-out/>
  <testcase classname="atAssignment.DropCheckRadioTest" name="dropCheckRadioAutomation" time="3.003"/>
  <system-out/>
</testsuite> <!-- atAssignment.DropCheckRadioTest -->
