<?xml version="1.0" encoding="UTF-8"?>
<!-- Generated by org.testng.reporters.JUnitReportReporter -->
<testsuite hostname="RiaSengar-indel-11304.local" failures="0" tests="2" name="com.hyr.tests.ContactUs" time="8.049" errors="0" timestamp="2022-07-15T16:38:39 IST" skipped="0">
  <testcase classname="com.hyr.tests.ContactUs" name="verifyContactUsHeaderIsDisplayed" time="1.077"/>
  <system-out/>
  <testcase classname="com.hyr.tests.ContactUs" name="testWebUniversity" time="6.972"/>
  <system-out/>
</testsuite> <!-- com.hyr.tests.ContactUs -->
