<?xml version="1.0" encoding="UTF-8"?>
<!-- Generated by org.testng.reporters.JUnitReportReporter -->
<testsuite hostname="RiaSengar-indel-11304.local" failures="0" tests="1" name="assignment.Actions" time="4.560" errors="0" timestamp="2022-07-22T19:44:54 IST" skipped="0">
  <testcase classname="assignment.Actions" name="testWebUniversity" time="4.560"/>
  <system-out/>
</testsuite> <!-- assignment.Actions -->
