<?xml version="1.0" encoding="UTF-8"?>
<!-- Generated by org.testng.reporters.JUnitReportReporter -->
<testsuite hostname="RiaSengar-indel-11304.local" failures="0" tests="15" name="RestAssuredApiTesting.ApiTesting" time="10.258" errors="0" timestamp="2022-08-24T13:06:06 IST" skipped="0">
  <testcase classname="RestAssuredApiTesting.ApiTesting" name="getListUsers" time="3.983"/>
  <system-out/>
  <testcase classname="RestAssuredApiTesting.ApiTesting" name="getSingleUser" time="0.187"/>
  <system-out/>
  <testcase classname="RestAssuredApiTesting.ApiTesting" name="getSingleUserNotFound" time="0.158"/>
  <system-out/>
  <testcase classname="RestAssuredApiTesting.ApiTesting" name="getListResource" time="0.155"/>
  <system-out/>
  <testcase classname="RestAssuredApiTesting.ApiTesting" name="getSingleResource" time="0.377"/>
  <system-out/>
  <testcase classname="RestAssuredApiTesting.ApiTesting" name="getSingleResourceNotFound" time="0.560"/>
  <system-out/>
  <testcase classname="RestAssuredApiTesting.ApiTesting" name="DelayedResponse" time="0.278"/>
  <system-out/>
  <testcase classname="RestAssuredApiTesting.ApiTesting" name="postCreate" time="0.576"/>
  <system-out/>
  <testcase classname="RestAssuredApiTesting.ApiTesting" name="postRegisterSuccessful" time="0.578"/>
  <system-out/>
  <testcase classname="RestAssuredApiTesting.ApiTesting" name="postRegisterUnsuccessful" time="0.555"/>
  <system-out/>
  <testcase classname="RestAssuredApiTesting.ApiTesting" name="postLoginsSccessful" time="0.553"/>
  <system-out/>
  <testcase classname="RestAssuredApiTesting.ApiTesting" name="postLoginUnsuccessful" time="0.541"/>
  <system-out/>
  <testcase classname="RestAssuredApiTesting.ApiTesting" name="put1" time="0.588"/>
  <system-out/>
  <testcase classname="RestAssuredApiTesting.ApiTesting" name="patch1" time="0.552"/>
  <system-out/>
  <testcase classname="RestAssuredApiTesting.ApiTesting" name="Delete" time="0.617"/>
  <system-out/>
</testsuite> <!-- RestAssuredApiTesting.ApiTesting -->
