<?xml version="1.0" encoding="UTF-8"?>
<!-- Generated by org.testng.reporters.JUnitReportReporter -->
<testsuite hostname="SahilPathak-indel-11303.local" failures="0" tests="2" name="atAssignment.ActionsCommandTest" time="3.994" errors="0" timestamp="2022-08-09T11:30:07 IST" skipped="0">
  <testcase classname="atAssignment.ActionsCommandTest" name="verifyActionsHeaderIsDisplayed" time="1.476"/>
  <system-out/>
  <testcase classname="atAssignment.ActionsCommandTest" name="actionsAutomation" time="2.518"/>
  <system-out/>
</testsuite> <!-- atAssignment.ActionsCommandTest -->
