<?xml version="1.0" encoding="UTF-8"?>
<!-- Generated by org.testng.reporters.JUnitReportReporter -->
<testsuite hostname="RiaSengar-indel-11304.local" failures="0" tests="6" name="assignment.AnnoyingAlerts" time="11.171" errors="0" timestamp="2022-08-03T11:09:19 IST" skipped="0">
  <testcase classname="assignment.AnnoyingAlerts" name="verifyContactUsHeaderIsDisplayed" time="1.501"/>
  <system-out/>
  <testcase classname="assignment.AnnoyingAlerts" name="JSAlert" time="0.091"/>
  <system-out/>
  <testcase classname="assignment.AnnoyingAlerts" name="ModalAlert" time="0.471"/>
  <system-out/>
  <testcase classname="assignment.AnnoyingAlerts" name="AjaxLoader" time="8.947"/>
  <system-out/>
  <testcase classname="assignment.AnnoyingAlerts" name="JSConfirmBox" time="0.069"/>
  <system-out/>
  <testcase classname="assignment.AnnoyingAlerts" name="verifyCopyrightIsDisplayed" time="0.092"/>
  <system-out/>
</testsuite> <!-- assignment.AnnoyingAlerts -->
