<?xml version="1.0" encoding="UTF-8"?>
<!-- Generated by org.testng.reporters.JUnitReportReporter -->
<testsuite hostname="RiaSengar-indel-11304.local" failures="0" tests="2" name="assignment.click" time="4.310" errors="0" timestamp="2022-08-09T12:33:29 IST" skipped="0">
  <testcase classname="assignment.click" name="verifyLetUsClickingIsDisplayed" time="0.025"/>
  <system-out/>
  <testcase classname="assignment.click" name="RunTests" time="4.285"/>
  <system-out/>
</testsuite> <!-- assignment.click -->
