<?xml version="1.0" encoding="UTF-8"?>
<!-- Generated by org.testng.reporters.JUnitReportReporter -->
<testsuite hostname="RiaSengar-indel-11304.local" failures="0" tests="1" name="assignment.pom" time="38.792" errors="0" timestamp="2022-07-24T12:21:30 IST" skipped="0">
  <testcase classname="assignment.pom" name="testWebUniversity" time="38.792"/>
  <system-out/>
</testsuite> <!-- assignment.pom -->
