<?xml version="1.0" encoding="UTF-8"?>
<!-- Generated by org.testng.reporters.JUnitReportReporter -->
<testsuite hostname="SahilPathak-indel-11303.local" failures="0" tests="2" name="atAssignment.scrollingAround" time="7.633" errors="0" timestamp="2022-08-02T16:25:54 IST" skipped="0">
  <testcase classname="atAssignment.scrollingAround" name="verifyScrollHeaderIsDisplayed" time="1.490"/>
  <system-out/>
  <testcase classname="atAssignment.scrollingAround" name="scrollAutomation" time="6.143"/>
  <system-out/>
</testsuite> <!-- atAssignment.scrollingAround -->
