<?xml version="1.0" encoding="UTF-8"?>
<!-- Generated by org.testng.reporters.JUnitReportReporter -->
<testsuite hostname="RiaSengar-indel-11304.local" failures="0" tests="1" name="assignment.HiddenElements" time="18.713" errors="0" timestamp="2022-07-25T13:15:02 IST" skipped="0">
  <testcase classname="assignment.HiddenElements" name="testWebUniversity" time="18.713"/>
  <system-out/>
</testsuite> <!-- assignment.HiddenElements -->
