<?xml version="1.0" encoding="UTF-8"?>
<!-- Generated by org.testng.reporters.JUnitReportReporter -->
<testsuite hostname="RiaSengar-indel-11304.local" failures="0" tests="2" name="assignment.ContactUs" time="4.049" errors="0" timestamp="2022-08-15T17:01:06 IST" skipped="0">
  <testcase classname="assignment.ContactUs" name="verifyThankyouPageIsDisplayed" time="1.399"/>
  <system-out/>
  <testcase classname="assignment.ContactUs" name="runtests1" time="2.650"/>
  <system-out/>
</testsuite> <!-- assignment.ContactUs -->
