<?xml version="1.0" encoding="UTF-8"?>
<!-- Generated by org.testng.reporters.JUnitReportReporter -->
<testsuite hostname="RiaSengar-indel-11304.local" failures="0" tests="2" name="assignment.logIn" time="2.137" errors="0" timestamp="2022-08-08T16:20:31 IST" skipped="0">
  <testcase classname="assignment.logIn" name="verifyThankyouPageIsDisplayed" time="1.613"/>
  <system-out/>
  <testcase classname="assignment.logIn" name="runtests1" time="0.524"/>
  <system-out/>
</testsuite> <!-- assignment.logIn -->
