<?xml version="1.0" encoding="UTF-8"?>
<!-- Generated by org.testng.reporters.JUnitReportReporter -->
<testsuite hostname="RiaSengar-indel-11304.local" failures="0" tests="1" name="assignment.Ajax" time="7.177" errors="0" timestamp="2022-08-15T17:01:06 IST" skipped="0">
  <testcase classname="assignment.Ajax" name="runtests1" time="7.177"/>
  <system-out/>
</testsuite> <!-- assignment.Ajax -->
