<?xml version="1.0" encoding="UTF-8"?>
<!-- Generated by org.testng.reporters.JUnitReportReporter -->
<testsuite hostname="RiaSengar-indel-11304.local" failures="0" tests="2" name="assignment.FileUpload" time="1.498" errors="0" timestamp="2022-08-03T11:50:39 IST" skipped="0">
  <testcase classname="assignment.FileUpload" name="verifyHeaderIsDisplayed" time="1.304"/>
  <system-out/>
  <testcase classname="assignment.FileUpload" name="testAutoComplete" time="0.194"/>
  <system-out/>
</testsuite> <!-- assignment.FileUpload -->
