<?xml version="1.0" encoding="UTF-8"?>
<!-- Generated by org.testng.reporters.JUnitReportReporter -->
<testsuite hostname="RiaSengar-indel-11304.local" failures="0" tests="1" name="com.hyr.tests.log" time="13.564" errors="0" timestamp="2022-07-15T16:18:13 IST" skipped="0">
  <testcase classname="com.hyr.tests.log" name="testWebUniversity" time="13.564"/>
  <system-out/>
</testsuite> <!-- com.hyr.tests.log -->
