<?xml version="1.0" encoding="UTF-8"?>
<!-- Generated by org.testng.reporters.JUnitReportReporter -->
<testsuite hostname="SahilPathak-indel-11303.local" failures="0" tests="2" name="atAssignment.FileUploadTest" time="1.650" errors="0" timestamp="2022-08-09T13:26:21 IST" skipped="0">
  <testcase classname="atAssignment.FileUploadTest" name="verifyFileUploadIsDisplayed" time="1.412"/>
  <system-out/>
  <testcase classname="atAssignment.FileUploadTest" name="fileUploadAutomation" time="0.238"/>
  <system-out/>
</testsuite> <!-- atAssignment.FileUploadTest -->
