<?xml version="1.0" encoding="UTF-8"?>
<!-- Generated by org.testng.reporters.JUnitReportReporter -->
<testsuite hostname="SahilPathak-indel-11303.local" failures="0" tests="2" name="atAssignment.dropCheckRadio" time="7.939" errors="0" timestamp="2022-08-02T15:23:13 IST" skipped="0">
  <testcase classname="atAssignment.dropCheckRadio" name="verifyDropCheckRadioTitleIsDisplayed" time="1.468"/>
  <system-out/>
  <testcase classname="atAssignment.dropCheckRadio" name="pomAutomation" time="6.471"/>
  <system-out/>
</testsuite> <!-- atAssignment.dropCheckRadio -->
