<?xml version="1.0" encoding="UTF-8"?>
<!-- Generated by org.testng.reporters.JUnitReportReporter -->
<testsuite hostname="RiaSengar-indel-11304.local" failures="0" tests="1" name="assignment.Ajax" time="14.166" errors="0" timestamp="2022-07-23T17:10:22 IST" skipped="0">
  <testcase classname="assignment.Ajax" name="testWebUniversity" time="14.166"/>
  <system-out/>
</testsuite> <!-- assignment.Ajax -->
