<?xml version="1.0" encoding="UTF-8"?>
<!-- Generated by org.testng.reporters.JUnitReportReporter -->
<testsuite hostname="SahilPathak-indel-11303.local" failures="0" tests="2" name="atAssignment.AlertsPopupsTest" time="9.403" errors="0" timestamp="2022-08-09T11:45:14 IST" skipped="0">
  <testcase classname="atAssignment.AlertsPopupsTest" name="verifyAlertPopupHeaderIsDisplayed" time="1.605"/>
  <system-out/>
  <testcase classname="atAssignment.AlertsPopupsTest" name="alertsPopupAutomation" time="7.798"/>
  <system-out/>
</testsuite> <!-- atAssignment.AlertsPopupsTest -->
