<?xml version="1.0" encoding="UTF-8"?>
<!-- Generated by org.testng.reporters.JUnitReportReporter -->
<testsuite hostname="RiaSengar-indel-11304.local" failures="0" tests="2" name="assignment.pom" time="7.568" errors="0" timestamp="2022-08-15T17:01:06 IST" skipped="0">
  <testcase classname="assignment.pom" name="verifyCopyrightIsDisplayed" time="1.535"/>
  <system-out/>
  <testcase classname="assignment.pom" name="runtests1" time="6.033"/>
  <system-out/>
</testsuite> <!-- assignment.pom -->
