<?xml version="1.0" encoding="UTF-8"?>
<!-- Generated by org.testng.reporters.JUnitReportReporter -->
<testsuite hostname="SahilPathak-indel-11303.local" failures="0" tests="4" name="atAssignment.contactUs" time="4.098" errors="0" timestamp="2022-08-09T12:30:58 IST" skipped="0">
  <testcase classname="atAssignment.contactUs" name="verifyContactUsFormIsDisplayed" time="1.262"/>
  <system-out/>
  <testcase classname="atAssignment.contactUs" name="verifyContactUsIsDisplayed" time="0.034"/>
  <system-out/>
  <testcase classname="atAssignment.contactUs" name="contactUsAutomation" time="2.712"/>
  <system-out/>
  <testcase classname="atAssignment.contactUs" name="verifyThankyouMsgIsDisplayed" time="0.090"/>
  <system-out/>
</testsuite> <!-- atAssignment.contactUs -->
