<?xml version="1.0" encoding="UTF-8"?>
<!-- Generated by org.testng.reporters.JUnitReportReporter -->
<testsuite hostname="SahilPathak-indel-11303.local" failures="0" tests="2" name="atAssignment.hiddenElements" time="2.299" errors="0" timestamp="2022-08-09T13:27:09 IST" skipped="0">
  <testcase classname="atAssignment.hiddenElements" name="verifyHiddenElementsHeaderIsDisplayed" time="1.285"/>
  <system-out/>
  <testcase classname="atAssignment.hiddenElements" name="hiddenElementsAutomation" time="1.014"/>
  <system-out/>
</testsuite> <!-- atAssignment.hiddenElements -->
