<?xml version="1.0" encoding="UTF-8"?>
<!-- Generated by org.testng.reporters.JUnitReportReporter -->
<testsuite hostname="RiaSengar-indel-11304.local" failures="0" tests="3" name="assignment.AnnoyingAlerts" time="16.562" errors="0" timestamp="2022-08-15T17:01:06 IST" skipped="0">
  <testcase classname="assignment.AnnoyingAlerts" name="verifyHeaderIsDisplayed" time="1.745"/>
  <system-out/>
  <testcase classname="assignment.AnnoyingAlerts" name="runtests1" time="14.728"/>
  <system-out/>
  <testcase classname="assignment.AnnoyingAlerts" name="verifyCopyrightIsDisplayed" time="0.089"/>
  <system-out/>
</testsuite> <!-- assignment.AnnoyingAlerts -->
