<?xml version="1.0" encoding="UTF-8"?>
<!-- Generated by org.testng.reporters.JUnitReportReporter -->
<testsuite hostname="RiaSengar-indel-11304.local" failures="0" tests="1" name="com.hyr.tests.click" time="19.952" errors="0" timestamp="2022-07-16T15:50:37 IST" skipped="0">
  <testcase classname="com.hyr.tests.click" name="testWebUniversity" time="19.952"/>
  <system-out/>
</testsuite> <!-- com.hyr.tests.click -->
