<?xml version="1.0" encoding="UTF-8"?>
<!-- Generated by org.testng.reporters.JUnitReportReporter -->
<testsuite hostname="RiaSengar-indel-11304.local" failures="0" tests="2" name="assignment.toDoList" time="1.958" errors="0" timestamp="2022-08-09T11:16:27 IST" skipped="0">
  <testcase classname="assignment.toDoList" name="verifyToDoHeaderIsDisplayed" time="1.343"/>
  <system-out/>
  <testcase classname="assignment.toDoList" name="runtests1" time="0.615"/>
  <system-out/>
</testsuite> <!-- assignment.toDoList -->
