<?xml version="1.0" encoding="UTF-8"?>
<!-- Generated by org.testng.reporters.JUnitReportReporter -->
<testsuite hostname="RiaSengar-indel-11304.local" failures="0" tests="3" name="assignment.Actions1" time="3.547" errors="0" timestamp="2022-08-15T17:01:06 IST" skipped="0">
  <testcase classname="assignment.Actions1" name="verifyHeaderIsDisplayed" time="1.499"/>
  <system-out/>
  <testcase classname="assignment.Actions1" name="runtests1" time="2.027"/>
  <system-out/>
  <testcase classname="assignment.Actions1" name="verifyCopyrightIsDisplayed" time="0.021"/>
  <system-out/>
</testsuite> <!-- assignment.Actions1 -->
