<?xml version="1.0" encoding="UTF-8"?>
<!-- Generated by org.testng.reporters.JUnitReportReporter -->
<testsuite hostname="RiaSengar-indel-11304.local" failures="0" tests="1" name="assignment.Ajax" time="6.791" errors="0" timestamp="2022-08-09T12:06:18 IST" skipped="0">
  <testcase classname="assignment.Ajax" name="runtests1" time="6.791"/>
  <system-out/>
</testsuite> <!-- assignment.Ajax -->
