<?xml version="1.0" encoding="UTF-8"?>
<!-- Generated by org.testng.reporters.JUnitReportReporter -->
<testsuite hostname="RiaSengar-indel-11304.local" failures="0" tests="2" name="assignment.pom" time="6.239" errors="0" timestamp="2022-08-09T11:27:22 IST" skipped="0">
  <testcase classname="assignment.pom" name="verifyCopyrightIsDisplayed" time="1.203"/>
  <system-out/>
  <testcase classname="assignment.pom" name="runtests1" time="5.036"/>
  <system-out/>
</testsuite> <!-- assignment.pom -->
