<?xml version="1.0" encoding="UTF-8"?>
<!-- Generated by org.testng.reporters.JUnitReportReporter -->
<testsuite hostname="RiaSengar-indel-11304.local" failures="0" tests="8" name="assignment.Actions1" time="3.783" errors="0" timestamp="2022-08-03T10:31:02 IST" skipped="0">
  <testcase classname="assignment.Actions1" name="verifyHeaderIsDisplayed" time="1.747"/>
  <system-out/>
  <testcase classname="assignment.Actions1" name="DragAndDrop" time="0.378"/>
  <system-out/>
  <testcase classname="assignment.Actions1" name="DoubleClick" time="0.237"/>
  <system-out/>
  <testcase classname="assignment.Actions1" name="FirstHover" time="0.375"/>
  <system-out/>
  <testcase classname="assignment.Actions1" name="SecondHover" time="0.402"/>
  <system-out/>
  <testcase classname="assignment.Actions1" name="ThirdHover" time="0.391"/>
  <system-out/>
  <testcase classname="assignment.Actions1" name="ClickAndHold" time="0.205"/>
  <system-out/>
  <testcase classname="assignment.Actions1" name="verifyCopyrightIsDisplayed" time="0.048"/>
  <system-out/>
</testsuite> <!-- assignment.Actions1 -->
