<?xml version="1.0" encoding="UTF-8"?>
<!-- Generated by org.testng.reporters.JUnitReportReporter -->
<testsuite hostname="SahilPathak-indel-11303.local" failures="0" tests="2" name="atAssignment.LoginPortalTest" time="4.043" errors="0" timestamp="2022-08-09T12:57:21 IST" skipped="0">
  <testcase classname="atAssignment.LoginPortalTest" name="verifyLoginFormIsDisplayed" time="3.523"/>
  <system-out/>
  <testcase classname="atAssignment.LoginPortalTest" name="loginPortalAutomation" time="0.520"/>
  <system-out/>
</testsuite> <!-- atAssignment.LoginPortalTest -->
