<?xml version="1.0" encoding="UTF-8"?>
<!-- Generated by org.testng.reporters.JUnitReportReporter -->
<testsuite hostname="SahilPathak-indel-11303.local" failures="0" tests="2" name="atAssignment.accordionText" time="16.611" errors="0" timestamp="2022-08-02T13:36:52 IST" skipped="0">
  <testcase classname="atAssignment.accordionText" name="verifyAccordionTitleIsDisplayed" time="1.700"/>
  <system-out/>
  <testcase classname="atAssignment.accordionText" name="pomAutomation" time="14.911"/>
  <system-out/>
</testsuite> <!-- atAssignment.accordionText -->
