<?xml version="1.0" encoding="UTF-8"?>
<!-- Generated by org.testng.reporters.JUnitReportReporter -->
<testsuite hostname="RiaSengar-indel-11304.local" failures="0" tests="1" name="assignment.iFrameChallenge" time="38.590" errors="0" timestamp="2022-07-26T15:45:19 IST" skipped="0">
  <testcase classname="assignment.iFrameChallenge" name="testWebUniversity" time="38.590"/>
  <system-out/>
</testsuite> <!-- assignment.iFrameChallenge -->
