<?xml version="1.0" encoding="UTF-8"?>
<!-- Generated by org.testng.reporters.JUnitReportReporter -->
<testsuite hostname="RiaSengar-indel-11304.local" failures="0" tests="2" name="assignment.logIn" time="2.299" errors="0" timestamp="2022-08-15T17:01:06 IST" skipped="0">
  <testcase classname="assignment.logIn" name="verifyThankyouPageIsDisplayed" time="1.780"/>
  <system-out/>
  <testcase classname="assignment.logIn" name="runtests1" time="0.519"/>
  <system-out/>
</testsuite> <!-- assignment.logIn -->
