<?xml version="1.0" encoding="UTF-8"?>
<!-- Generated by org.testng.reporters.JUnitReportReporter -->
<testsuite hostname="RiaSengar-indel-11304.local" failures="0" tests="3" name="assignment.AnnoyingAlerts" time="11.331" errors="0" timestamp="2022-08-09T13:06:38 IST" skipped="0">
  <testcase classname="assignment.AnnoyingAlerts" name="verifyHeaderIsDisplayed" time="1.651"/>
  <system-out/>
  <testcase classname="assignment.AnnoyingAlerts" name="runtests1" time="9.597"/>
  <system-out/>
  <testcase classname="assignment.AnnoyingAlerts" name="verifyCopyrightIsDisplayed" time="0.083"/>
  <system-out/>
</testsuite> <!-- assignment.AnnoyingAlerts -->
