<?xml version="1.0" encoding="UTF-8"?>
<!-- Generated by org.testng.reporters.JUnitReportReporter -->
<testsuite hostname="RiaSengar-indel-11304.local" failures="0" tests="2" name="assignment.FileUpload" time="1.750" errors="0" timestamp="2022-08-09T13:32:21 IST" skipped="0">
  <testcase classname="assignment.FileUpload" name="verifyHeaderIsDisplayed" time="1.567"/>
  <system-out/>
  <testcase classname="assignment.FileUpload" name="runtests1" time="0.183"/>
  <system-out/>
</testsuite> <!-- assignment.FileUpload -->
