<?xml version="1.0" encoding="UTF-8"?>
<!-- Generated by org.testng.reporters.JUnitReportReporter -->
<testsuite hostname="SahilPathak-indel-11303.local" failures="0" tests="4" name="atAssignment.contactUs" time="8.854" errors="0" timestamp="2022-08-03T10:02:13 IST" skipped="0">
  <testcase classname="atAssignment.contactUs" name="verifyContactUsFormIsDisplayed" time="0.935"/>
  <system-out/>
  <testcase classname="atAssignment.contactUs" name="verifyContactUsIsDisplayed" time="0.031"/>
  <system-out/>
  <testcase classname="atAssignment.contactUs" name="contactUsAutomation" time="7.796"/>
  <system-out/>
  <testcase classname="atAssignment.contactUs" name="verifyThankyouMsgIsDisplayed" time="0.092"/>
  <system-out/>
</testsuite> <!-- atAssignment.contactUs -->
