<?xml version="1.0" encoding="UTF-8"?>
<!-- Generated by org.testng.reporters.JUnitReportReporter -->
<testsuite hostname="SahilPathak-indel-11303.local" failures="0" tests="4" name="atAssignment.contactUs" time="3.928" errors="0" timestamp="2022-08-04T12:38:04 IST" skipped="0">
  <testcase classname="atAssignment.contactUs" name="verifyContactUsFormIsDisplayed" time="0.995"/>
  <system-out/>
  <testcase classname="atAssignment.contactUs" name="verifyContactUsIsDisplayed" time="0.034"/>
  <system-out/>
  <testcase classname="atAssignment.contactUs" name="contactUsAutomation" time="2.790"/>
  <system-out/>
  <testcase classname="atAssignment.contactUs" name="verifyThankyouMsgIsDisplayed" time="0.109"/>
  <system-out/>
</testsuite> <!-- atAssignment.contactUs -->
