<?xml version="1.0" encoding="UTF-8"?>
<!-- Generated by org.testng.reporters.JUnitReportReporter -->
<testsuite hostname="SahilPathak-indel-11303.local" failures="0" tests="3" name="PomTesting.pomTest" time="14.258" errors="0" timestamp="2022-07-26T15:50:39 IST" skipped="0">
  <testcase classname="PomTesting.pomTest" name="verifyPomHeaderIsDisplayed" time="1.091"/>
  <system-out/>
  <testcase classname="PomTesting.pomTest" name="pomAutomation" time="13.012"/>
  <system-out/>
  <testcase classname="PomTesting.pomTest" name="verifyThankyouMsgIsDisplayed" time="0.155"/>
  <system-out/>
</testsuite> <!-- PomTesting.pomTest -->
